<?xml version="1.0" encoding="utf-8"?>
<testsuites errors="0" failures="3" skipped="0" tests="4" time="251.110360">
  <testsuite name="schemathesis" hostname="Mac" errors="0" failures="3" skipped="0" tests="4" time="251.110360">
    <testcase name="POST /auth" time="1.978193">
      <failure type="failure">1. Test Case ID: 8dIodc

- Unsupported methods

    Unsupported method TRACE returned 404, expected 405 Method Not Allowed

    Return 405 for methods not listed in the OpenAPI spec

[404] Not Found:

    `Not Found`

Reproduce with:

    curl -X TRACE -H 'Content-Type: application/json' -d '{"username": "", "password": ""}' https://restful-booker.herokuapp.com/auth</failure>
      <failure type="failure">1. Test Case ID: i1GFuA

- Undocumented HTTP status code

    Received: 400
    Documented: 200

[400] Bad Request:

    `Bad Request`

Reproduce with:

    curl -X POST -H 'Content-Type: application/json' -d $'\x00' https://restful-booker.herokuapp.com/auth</failure>
    </testcase>
    <testcase name="GET /booking/{id}" time="18.491042">
      <failure type="failure">1. Test Case ID: OwNhSA

- Unsupported methods

    Unsupported method TRACE returned 404, expected 405 Method Not Allowed

    Return 405 for methods not listed in the OpenAPI spec

[404] Not Found:

    `Not Found`

Reproduce with:

    curl -X TRACE https://restful-booker.herokuapp.com/booking/0</failure>
    </testcase>
    <testcase name="DELETE /booking/{id}" time="13.599720">
      <failure type="failure">1. Test Case ID: ZoUMvy

- Missing header not rejected

    Got 403 when missing required 'Authorization' header, expected 401

[403] Forbidden:

    `Forbidden`

Reproduce with:

    curl -X DELETE -H 'Cookie: [Filtered]' https://restful-booker.herokuapp.com/booking/0</failure>
    </testcase>
    <testcase name="Stateful tests" time="217.041405" />
  </testsuite>
</testsuites>